#! /usr/bin/vvp
:ivl_version "10.1 (stable)";
:ivl_delay_selection "TYPICAL";
:vpi_time_precision - 9;
:vpi_module "system";
:vpi_module "vhdl_sys";
:vpi_module "v2005_math";
:vpi_module "va_math";
S_0x5605d709e640 .scope module, "tb" "tb" 2 41;
 .timescale -9 -9;
v0x5605d70bf040_0 .var "address", 4 0;
v0x5605d70bf120_0 .var "clock", 0 0;
v0x5605d70bf1c0_0 .net "data", 31 0, L_0x5605d70cfaf0;  1 drivers
v0x5605d70bf2c0_0 .var/i "data1", 31 0;
v0x5605d70bf360_0 .var/i "data2", 31 0;
v0x5605d70bf420_0 .var/i "data3", 31 0;
v0x5605d70bf500_0 .var "en_write", 0 0;
v0x5605d70bf5a0_0 .var "idata", 31 0;
v0x5605d70bf670_0 .net "imm", 15 0, L_0x5605d70cfe60;  1 drivers
v0x5605d70bf740_0 .var "instr", 31 0;
v0x5605d70bf810_0 .var "reset", 0 0;
v0x5605d70bf8e0_0 .net "rs", 4 0, L_0x5605d70cfc30;  1 drivers
v0x5605d70bf9b0_0 .net "rt", 4 0, L_0x5605d70cfd70;  1 drivers
S_0x5605d709e7c0 .scope module, "f1" "iformat" 2 63, 2 33 0, S_0x5605d709e640;
 .timescale -9 -9;
    .port_info 0 /INPUT 32 "instr"
    .port_info 1 /OUTPUT 5 "rs"
    .port_info 2 /OUTPUT 5 "rt"
    .port_info 3 /OUTPUT 16 "imm"
v0x5605d709e940_0 .net "imm", 15 0, L_0x5605d70cfe60;  alias, 1 drivers
v0x5605d70be220_0 .net "instr", 31 0, v0x5605d70bf740_0;  1 drivers
v0x5605d70be300_0 .net "rs", 4 0, L_0x5605d70cfc30;  alias, 1 drivers
v0x5605d70be3c0_0 .net "rt", 4 0, L_0x5605d70cfd70;  alias, 1 drivers
L_0x5605d70cfc30 .part v0x5605d70bf740_0, 21, 5;
L_0x5605d70cfd70 .part v0x5605d70bf740_0, 16, 5;
L_0x5605d70cfe60 .part v0x5605d70bf740_0, 0, 16;
S_0x5605d70be520 .scope module, "r1" "regfile" 2 54, 2 13 0, S_0x5605d709e640;
 .timescale -9 -9;
    .port_info 0 /INPUT 1 "clock"
    .port_info 1 /INPUT 1 "reset"
    .port_info 2 /INPUT 5 "address"
    .port_info 3 /INPUT 1 "en_write"
    .port_info 4 /INPUT 32 "idata"
    .port_info 5 /OUTPUT 32 "data"
L_0x7fb0f5f43018 .functor BUFT 1, C4<xxxxxxxxxxxxxxxxxxxxxxxxxxxxxxxx>, C4<0>, C4<0>, C4<0>;
v0x5605d70be7d0_0 .net *"_s0", 31 0, L_0x7fb0f5f43018;  1 drivers
v0x5605d70be8d0_0 .net "address", 4 0, v0x5605d70bf040_0;  1 drivers
v0x5605d70be9b0_0 .net "clock", 0 0, v0x5605d70bf120_0;  1 drivers
v0x5605d70bea50_0 .net "data", 31 0, L_0x5605d70cfaf0;  alias, 1 drivers
v0x5605d70beb30_0 .net "en_write", 0 0, v0x5605d70bf500_0;  1 drivers
v0x5605d70bec40_0 .net "idata", 31 0, v0x5605d70bf5a0_0;  1 drivers
v0x5605d70bed20_0 .var "out_val", 31 0;
v0x5605d70bee00 .array "registers", 0 31, 31 0;
v0x5605d70beec0_0 .net "reset", 0 0, v0x5605d70bf810_0;  1 drivers
E_0x5605d7083fd0 .event posedge, v0x5605d70be9b0_0;
L_0x5605d70cfaf0 .functor MUXZ 32, v0x5605d70bed20_0, L_0x7fb0f5f43018, v0x5605d70bf500_0, C4<>;
    .scope S_0x5605d70be520;
T_0 ;
    %wait E_0x5605d7083fd0;
    %load/vec4 v0x5605d70beec0_0;
    %nor/r;
    %flag_set/vec4 8;
    %jmp/0xz  T_0.0, 8;
    %load/vec4 v0x5605d70beb30_0;
    %flag_set/vec4 8;
    %jmp/0xz  T_0.2, 8;
    %load/vec4 v0x5605d70bec40_0;
    %load/vec4 v0x5605d70be8d0_0;
    %pad/u 7;
    %ix/vec4 3;
    %ix/load 4, 0, 0; Constant delay
    %assign/vec4/a/d v0x5605d70bee00, 0, 4;
    %jmp T_0.3;
T_0.2 ;
    %load/vec4 v0x5605d70be8d0_0;
    %pad/u 7;
    %ix/vec4 4;
    %load/vec4a v0x5605d70bee00, 4;
    %assign/vec4 v0x5605d70bed20_0, 0;
T_0.3 ;
T_0.0 ;
    %jmp T_0;
    .thread T_0;
    .scope S_0x5605d709e640;
T_1 ;
    %vpi_call 2 71 "$dumpfile", "IFormat.vcd" {0 0 0};
    %vpi_call 2 72 "$dumpvars", 32'sb00000000000000000000000000000000, S_0x5605d709e640 {0 0 0};
    %end;
    .thread T_1;
    .scope S_0x5605d709e640;
T_2 ;
    %pushi/vec4 0, 0, 1;
    %store/vec4 v0x5605d70bf120_0, 0, 1;
T_2.0 ;
    %delay 5, 0;
    %load/vec4 v0x5605d70bf120_0;
    %inv;
    %store/vec4 v0x5605d70bf120_0, 0, 1;
    %jmp T_2.0;
    %end;
    .thread T_2;
    .scope S_0x5605d709e640;
T_3 ;
    %pushi/vec4 0, 0, 1;
    %store/vec4 v0x5605d70bf810_0, 0, 1;
    %delay 5, 0;
    %delay 5, 0;
    %pushi/vec4 1, 0, 1;
    %store/vec4 v0x5605d70bf500_0, 0, 1;
    %pushi/vec4 1, 0, 5;
    %store/vec4 v0x5605d70bf040_0, 0, 5;
    %pushi/vec4 212, 0, 32;
    %store/vec4 v0x5605d70bf5a0_0, 0, 32;
    %delay 10, 0;
    %delay 5, 0;
    %pushi/vec4 539099137, 0, 32;
    %store/vec4 v0x5605d70bf740_0, 0, 32;
    %delay 10, 0;
    %delay 5, 0;
    %pushi/vec4 0, 0, 1;
    %store/vec4 v0x5605d70bf500_0, 0, 1;
    %load/vec4 v0x5605d70bf8e0_0;
    %store/vec4 v0x5605d70bf040_0, 0, 5;
    %delay 10, 0;
    %delay 5, 0;
    %load/vec4 v0x5605d70bf1c0_0;
    %store/vec4 v0x5605d70bf2c0_0, 0, 32;
    %delay 10, 0;
    %delay 5, 0;
    %pushi/vec4 1, 0, 32;
    %store/vec4 v0x5605d70bf360_0, 0, 32;
    %delay 5, 0;
    %pushi/vec4 1, 0, 1;
    %store/vec4 v0x5605d70bf500_0, 0, 1;
    %load/vec4 v0x5605d70bf9b0_0;
    %store/vec4 v0x5605d70bf040_0, 0, 5;
    %load/vec4 v0x5605d70bf2c0_0;
    %load/vec4 v0x5605d70bf360_0;
    %add;
    %store/vec4 v0x5605d70bf5a0_0, 0, 32;
    %delay 10, 0;
    %delay 5, 0;
    %pushi/vec4 0, 0, 1;
    %store/vec4 v0x5605d70bf500_0, 0, 1;
    %load/vec4 v0x5605d70bf9b0_0;
    %store/vec4 v0x5605d70bf040_0, 0, 5;
    %delay 10, 0;
    %delay 5, 0;
    %load/vec4 v0x5605d70bf1c0_0;
    %store/vec4 v0x5605d70bf420_0, 0, 32;
    %delay 10, 0;
    %delay 5, 0;
    %pushi/vec4 539099137, 0, 32;
    %store/vec4 v0x5605d70bf740_0, 0, 32;
    %delay 10, 0;
    %delay 5, 0;
    %pushi/vec4 0, 0, 1;
    %store/vec4 v0x5605d70bf500_0, 0, 1;
    %load/vec4 v0x5605d70bf8e0_0;
    %store/vec4 v0x5605d70bf040_0, 0, 5;
    %delay 10, 0;
    %delay 5, 0;
    %load/vec4 v0x5605d70bf1c0_0;
    %store/vec4 v0x5605d70bf2c0_0, 0, 32;
    %delay 10, 0;
    %delay 5, 0;
    %pushi/vec4 1, 0, 32;
    %store/vec4 v0x5605d70bf360_0, 0, 32;
    %delay 10, 0;
    %delay 5, 0;
    %pushi/vec4 1, 0, 1;
    %store/vec4 v0x5605d70bf500_0, 0, 1;
    %load/vec4 v0x5605d70bf9b0_0;
    %store/vec4 v0x5605d70bf040_0, 0, 5;
    %load/vec4 v0x5605d70bf2c0_0;
    %load/vec4 v0x5605d70bf360_0;
    %sub;
    %store/vec4 v0x5605d70bf5a0_0, 0, 32;
    %delay 10, 0;
    %delay 5, 0;
    %pushi/vec4 0, 0, 1;
    %store/vec4 v0x5605d70bf500_0, 0, 1;
    %load/vec4 v0x5605d70bf9b0_0;
    %store/vec4 v0x5605d70bf040_0, 0, 5;
    %delay 10, 0;
    %delay 5, 0;
    %load/vec4 v0x5605d70bf1c0_0;
    %store/vec4 v0x5605d70bf420_0, 0, 32;
    %delay 10, 0;
    %delay 5, 0;
    %pushi/vec4 807534593, 0, 32;
    %store/vec4 v0x5605d70bf740_0, 0, 32;
    %delay 10, 0;
    %delay 5, 0;
    %pushi/vec4 0, 0, 1;
    %store/vec4 v0x5605d70bf500_0, 0, 1;
    %load/vec4 v0x5605d70bf8e0_0;
    %store/vec4 v0x5605d70bf040_0, 0, 5;
    %delay 10, 0;
    %delay 5, 0;
    %load/vec4 v0x5605d70bf1c0_0;
    %store/vec4 v0x5605d70bf2c0_0, 0, 32;
    %delay 10, 0;
    %delay 5, 0;
    %pushi/vec4 1, 0, 32;
    %store/vec4 v0x5605d70bf360_0, 0, 32;
    %delay 10, 0;
    %delay 5, 0;
    %pushi/vec4 1, 0, 1;
    %store/vec4 v0x5605d70bf500_0, 0, 1;
    %load/vec4 v0x5605d70bf9b0_0;
    %store/vec4 v0x5605d70bf040_0, 0, 5;
    %load/vec4 v0x5605d70bf2c0_0;
    %load/vec4 v0x5605d70bf360_0;
    %and;
    %store/vec4 v0x5605d70bf5a0_0, 0, 32;
    %delay 10, 0;
    %delay 5, 0;
    %pushi/vec4 0, 0, 1;
    %store/vec4 v0x5605d70bf500_0, 0, 1;
    %load/vec4 v0x5605d70bf9b0_0;
    %store/vec4 v0x5605d70bf040_0, 0, 5;
    %delay 10, 0;
    %delay 5, 0;
    %load/vec4 v0x5605d70bf1c0_0;
    %store/vec4 v0x5605d70bf420_0, 0, 32;
    %delay 10, 0;
    %delay 5, 0;
    %pushi/vec4 874643457, 0, 32;
    %store/vec4 v0x5605d70bf740_0, 0, 32;
    %delay 10, 0;
    %delay 5, 0;
    %pushi/vec4 0, 0, 1;
    %store/vec4 v0x5605d70bf500_0, 0, 1;
    %load/vec4 v0x5605d70bf8e0_0;
    %store/vec4 v0x5605d70bf040_0, 0, 5;
    %delay 10, 0;
    %delay 5, 0;
    %load/vec4 v0x5605d70bf1c0_0;
    %store/vec4 v0x5605d70bf2c0_0, 0, 32;
    %delay 10, 0;
    %delay 5, 0;
    %pushi/vec4 0, 0, 1;
    %store/vec4 v0x5605d70bf500_0, 0, 1;
    %load/vec4 v0x5605d70bf670_0;
    %pad/u 5;
    %store/vec4 v0x5605d70bf040_0, 0, 5;
    %delay 10, 0;
    %delay 5, 0;
    %load/vec4 v0x5605d70bf1c0_0;
    %store/vec4 v0x5605d70bf360_0, 0, 32;
    %delay 10, 0;
    %delay 5, 0;
    %pushi/vec4 1, 0, 1;
    %store/vec4 v0x5605d70bf500_0, 0, 1;
    %load/vec4 v0x5605d70bf9b0_0;
    %store/vec4 v0x5605d70bf040_0, 0, 5;
    %load/vec4 v0x5605d70bf2c0_0;
    %load/vec4 v0x5605d70bf360_0;
    %or;
    %store/vec4 v0x5605d70bf5a0_0, 0, 32;
    %delay 10, 0;
    %delay 5, 0;
    %pushi/vec4 0, 0, 1;
    %store/vec4 v0x5605d70bf500_0, 0, 1;
    %load/vec4 v0x5605d70bf9b0_0;
    %store/vec4 v0x5605d70bf040_0, 0, 5;
    %delay 10, 0;
    %delay 5, 0;
    %load/vec4 v0x5605d70bf1c0_0;
    %store/vec4 v0x5605d70bf420_0, 0, 32;
    %delay 10, 0;
    %end;
    .thread T_3;
    .scope S_0x5605d709e640;
T_4 ;
    %vpi_call 2 146 "$monitor", "Instr=%b\011Data1=%d\011Data2=%d\011Result=%d\012", v0x5605d70bf740_0, v0x5605d70bf2c0_0, v0x5605d70bf360_0, v0x5605d70bf420_0 {0 0 0};
    %end;
    .thread T_4;
# The file index is used to find the file name in the following table.
:file_names 3;
    "N/A";
    "<interactive>";
    "iformat.v";
